[2026-01-17 05:41:52] booking/list_admin called 
[2026-01-17 05:41:52] FATAL ERROR {"type":1,"message":"Uncaught mysqli_sql_exception: Unknown column 'b.nomot_antrian' in 'field list' in C:\\xampp\\htdocs\\bengkelku_api\\booking\\list_admin.php:54\nStack trace:\n#0 C:\\xampp\\htdocs\\bengkelku_api\\booking\\list_admin.php(54): mysqli_query(Object(mysqli), '\\r\\n    SELECT \\r\\n...')\n#1 {main}\n  thrown","file":"C:\\xampp\\htdocs\\bengkelku_api\\booking\\list_admin.php","line":54}
[2026-01-17 05:42:10] booking/list_customer called {"user_id":2}
[2026-01-17 05:42:10] FATAL ERROR {"type":1,"message":"Uncaught mysqli_sql_exception: Unknown column 'b.nomot_antrian' in 'field list' in C:\\xampp\\htdocs\\bengkelku_api\\booking\\list_customer.php:59\nStack trace:\n#0 C:\\xampp\\htdocs\\bengkelku_api\\booking\\list_customer.php(59): mysqli_prepare(Object(mysqli), '\\r\\n    SELECT \\r\\n...')\n#1 {main}\n  thrown","file":"C:\\xampp\\htdocs\\bengkelku_api\\booking\\list_customer.php","line":59}
[2026-01-17 05:42:13] booking/list_admin called 
[2026-01-17 05:42:13] FATAL ERROR {"type":1,"message":"Uncaught mysqli_sql_exception: Unknown column 'b.nomot_antrian' in 'field list' in C:\\xampp\\htdocs\\bengkelku_api\\booking\\list_admin.php:54\nStack trace:\n#0 C:\\xampp\\htdocs\\bengkelku_api\\booking\\list_admin.php(54): mysqli_query(Object(mysqli), '\\r\\n    SELECT \\r\\n...')\n#1 {main}\n  thrown","file":"C:\\xampp\\htdocs\\bengkelku_api\\booking\\list_admin.php","line":54}
[2026-01-17 05:42:26] booking/list_admin called 
[2026-01-17 05:42:26] FATAL ERROR {"type":1,"message":"Uncaught mysqli_sql_exception: Unknown column 'b.nomot_antrian' in 'field list' in C:\\xampp\\htdocs\\bengkelku_api\\booking\\list_admin.php:54\nStack trace:\n#0 C:\\xampp\\htdocs\\bengkelku_api\\booking\\list_admin.php(54): mysqli_query(Object(mysqli), '\\r\\n    SELECT \\r\\n...')\n#1 {main}\n  thrown","file":"C:\\xampp\\htdocs\\bengkelku_api\\booking\\list_admin.php","line":54}
[2026-01-17 05:42:37] booking/list_customer called {"user_id":4}
[2026-01-17 05:42:37] FATAL ERROR {"type":1,"message":"Uncaught mysqli_sql_exception: Unknown column 'b.nomot_antrian' in 'field list' in C:\\xampp\\htdocs\\bengkelku_api\\booking\\list_customer.php:59\nStack trace:\n#0 C:\\xampp\\htdocs\\bengkelku_api\\booking\\list_customer.php(59): mysqli_prepare(Object(mysqli), '\\r\\n    SELECT \\r\\n...')\n#1 {main}\n  thrown","file":"C:\\xampp\\htdocs\\bengkelku_api\\booking\\list_customer.php","line":59}
[2026-01-17 05:42:38] booking/list_customer called {"user_id":4}
[2026-01-17 05:42:38] FATAL ERROR {"type":1,"message":"Uncaught mysqli_sql_exception: Unknown column 'b.nomot_antrian' in 'field list' in C:\\xampp\\htdocs\\bengkelku_api\\booking\\list_customer.php:59\nStack trace:\n#0 C:\\xampp\\htdocs\\bengkelku_api\\booking\\list_customer.php(59): mysqli_prepare(Object(mysqli), '\\r\\n    SELECT \\r\\n...')\n#1 {main}\n  thrown","file":"C:\\xampp\\htdocs\\bengkelku_api\\booking\\list_customer.php","line":59}
[2026-01-17 05:42:44] booking/list_customer called {"user_id":4}
[2026-01-17 05:42:44] FATAL ERROR {"type":1,"message":"Uncaught mysqli_sql_exception: Unknown column 'b.nomot_antrian' in 'field list' in C:\\xampp\\htdocs\\bengkelku_api\\booking\\list_customer.php:59\nStack trace:\n#0 C:\\xampp\\htdocs\\bengkelku_api\\booking\\list_customer.php(59): mysqli_prepare(Object(mysqli), '\\r\\n    SELECT \\r\\n...')\n#1 {main}\n  thrown","file":"C:\\xampp\\htdocs\\bengkelku_api\\booking\\list_customer.php","line":59}
[2026-01-17 05:42:45] booking/list_customer called {"user_id":4}
[2026-01-17 05:42:45] FATAL ERROR {"type":1,"message":"Uncaught mysqli_sql_exception: Unknown column 'b.nomot_antrian' in 'field list' in C:\\xampp\\htdocs\\bengkelku_api\\booking\\list_customer.php:59\nStack trace:\n#0 C:\\xampp\\htdocs\\bengkelku_api\\booking\\list_customer.php(59): mysqli_prepare(Object(mysqli), '\\r\\n    SELECT \\r\\n...')\n#1 {main}\n  thrown","file":"C:\\xampp\\htdocs\\bengkelku_api\\booking\\list_customer.php","line":59}
[2026-01-17 05:42:47] booking/list_customer called {"user_id":4}
[2026-01-17 05:42:47] FATAL ERROR {"type":1,"message":"Uncaught mysqli_sql_exception: Unknown column 'b.nomot_antrian' in 'field list' in C:\\xampp\\htdocs\\bengkelku_api\\booking\\list_customer.php:59\nStack trace:\n#0 C:\\xampp\\htdocs\\bengkelku_api\\booking\\list_customer.php(59): mysqli_prepare(Object(mysqli), '\\r\\n    SELECT \\r\\n...')\n#1 {main}\n  thrown","file":"C:\\xampp\\htdocs\\bengkelku_api\\booking\\list_customer.php","line":59}
[2026-01-17 05:42:55] booking/create called {"user_id":4,"kendaraan_id":2,"jenis_servis_id":2,"slot_servis_id":1}
[2026-01-17 05:42:55] FATAL ERROR {"type":1,"message":"Uncaught mysqli_sql_exception: Unknown column 'nomot_antrian' in 'field list' in C:\\xampp\\htdocs\\bengkelku_api\\booking\\create.php:102\nStack trace:\n#0 C:\\xampp\\htdocs\\bengkelku_api\\booking\\create.php(102): mysqli_prepare(Object(mysqli), 'INSERT INTO boo...')\n#1 {main}\n  thrown","file":"C:\\xampp\\htdocs\\bengkelku_api\\booking\\create.php","line":102}
[2026-01-17 05:42:57] booking/create called {"user_id":4,"kendaraan_id":2,"jenis_servis_id":2,"slot_servis_id":1}
[2026-01-17 05:42:57] FATAL ERROR {"type":1,"message":"Uncaught mysqli_sql_exception: Unknown column 'nomot_antrian' in 'field list' in C:\\xampp\\htdocs\\bengkelku_api\\booking\\create.php:102\nStack trace:\n#0 C:\\xampp\\htdocs\\bengkelku_api\\booking\\create.php(102): mysqli_prepare(Object(mysqli), 'INSERT INTO boo...')\n#1 {main}\n  thrown","file":"C:\\xampp\\htdocs\\bengkelku_api\\booking\\create.php","line":102}
[2026-01-17 05:42:57] booking/create called {"user_id":4,"kendaraan_id":2,"jenis_servis_id":2,"slot_servis_id":1}
[2026-01-17 05:42:57] FATAL ERROR {"type":1,"message":"Uncaught mysqli_sql_exception: Unknown column 'nomot_antrian' in 'field list' in C:\\xampp\\htdocs\\bengkelku_api\\booking\\create.php:102\nStack trace:\n#0 C:\\xampp\\htdocs\\bengkelku_api\\booking\\create.php(102): mysqli_prepare(Object(mysqli), 'INSERT INTO boo...')\n#1 {main}\n  thrown","file":"C:\\xampp\\htdocs\\bengkelku_api\\booking\\create.php","line":102}
[2026-01-17 05:42:57] booking/create called {"user_id":4,"kendaraan_id":2,"jenis_servis_id":2,"slot_servis_id":1}
[2026-01-17 05:42:57] FATAL ERROR {"type":1,"message":"Uncaught mysqli_sql_exception: Unknown column 'nomot_antrian' in 'field list' in C:\\xampp\\htdocs\\bengkelku_api\\booking\\create.php:102\nStack trace:\n#0 C:\\xampp\\htdocs\\bengkelku_api\\booking\\create.php(102): mysqli_prepare(Object(mysqli), 'INSERT INTO boo...')\n#1 {main}\n  thrown","file":"C:\\xampp\\htdocs\\bengkelku_api\\booking\\create.php","line":102}
[2026-01-17 06:01:21] booking/list_admin called 
[2026-01-17 06:01:21] FATAL ERROR {"type":1,"message":"Uncaught mysqli_sql_exception: Unknown column 'b.nomot_antrian' in 'field list' in C:\\xampp\\htdocs\\bengkelku_api\\booking\\list_admin.php:54\nStack trace:\n#0 C:\\xampp\\htdocs\\bengkelku_api\\booking\\list_admin.php(54): mysqli_query(Object(mysqli), '\\r\\n    SELECT \\r\\n...')\n#1 {main}\n  thrown","file":"C:\\xampp\\htdocs\\bengkelku_api\\booking\\list_admin.php","line":54}
[2026-01-17 06:01:32] booking/list_customer called {"user_id":2}
[2026-01-17 06:01:32] FATAL ERROR {"type":1,"message":"Uncaught mysqli_sql_exception: Unknown column 'b.nomot_antrian' in 'field list' in C:\\xampp\\htdocs\\bengkelku_api\\booking\\list_customer.php:59\nStack trace:\n#0 C:\\xampp\\htdocs\\bengkelku_api\\booking\\list_customer.php(59): mysqli_prepare(Object(mysqli), '\\r\\n    SELECT \\r\\n...')\n#1 {main}\n  thrown","file":"C:\\xampp\\htdocs\\bengkelku_api\\booking\\list_customer.php","line":59}
[2026-01-17 06:01:34] booking/list_admin called 
[2026-01-17 06:01:34] FATAL ERROR {"type":1,"message":"Uncaught mysqli_sql_exception: Unknown column 'b.nomot_antrian' in 'field list' in C:\\xampp\\htdocs\\bengkelku_api\\booking\\list_admin.php:54\nStack trace:\n#0 C:\\xampp\\htdocs\\bengkelku_api\\booking\\list_admin.php(54): mysqli_query(Object(mysqli), '\\r\\n    SELECT \\r\\n...')\n#1 {main}\n  thrown","file":"C:\\xampp\\htdocs\\bengkelku_api\\booking\\list_admin.php","line":54}
[2026-01-17 06:01:34] booking/list_admin called 
[2026-01-17 06:01:34] FATAL ERROR {"type":1,"message":"Uncaught mysqli_sql_exception: Unknown column 'b.nomot_antrian' in 'field list' in C:\\xampp\\htdocs\\bengkelku_api\\booking\\list_admin.php:54\nStack trace:\n#0 C:\\xampp\\htdocs\\bengkelku_api\\booking\\list_admin.php(54): mysqli_query(Object(mysqli), '\\r\\n    SELECT \\r\\n...')\n#1 {main}\n  thrown","file":"C:\\xampp\\htdocs\\bengkelku_api\\booking\\list_admin.php","line":54}
[2026-01-17 06:01:34] booking/list_admin called 
[2026-01-17 06:01:34] FATAL ERROR {"type":1,"message":"Uncaught mysqli_sql_exception: Unknown column 'b.nomot_antrian' in 'field list' in C:\\xampp\\htdocs\\bengkelku_api\\booking\\list_admin.php:54\nStack trace:\n#0 C:\\xampp\\htdocs\\bengkelku_api\\booking\\list_admin.php(54): mysqli_query(Object(mysqli), '\\r\\n    SELECT \\r\\n...')\n#1 {main}\n  thrown","file":"C:\\xampp\\htdocs\\bengkelku_api\\booking\\list_admin.php","line":54}
[2026-01-17 06:01:41] booking/list_admin called 
[2026-01-17 06:01:41] FATAL ERROR {"type":1,"message":"Uncaught mysqli_sql_exception: Unknown column 'b.nomot_antrian' in 'field list' in C:\\xampp\\htdocs\\bengkelku_api\\booking\\list_admin.php:54\nStack trace:\n#0 C:\\xampp\\htdocs\\bengkelku_api\\booking\\list_admin.php(54): mysqli_query(Object(mysqli), '\\r\\n    SELECT \\r\\n...')\n#1 {main}\n  thrown","file":"C:\\xampp\\htdocs\\bengkelku_api\\booking\\list_admin.php","line":54}
[2026-01-17 06:01:55] booking/list_customer called {"user_id":4}
[2026-01-17 06:01:55] FATAL ERROR {"type":1,"message":"Uncaught mysqli_sql_exception: Unknown column 'b.nomot_antrian' in 'field list' in C:\\xampp\\htdocs\\bengkelku_api\\booking\\list_customer.php:59\nStack trace:\n#0 C:\\xampp\\htdocs\\bengkelku_api\\booking\\list_customer.php(59): mysqli_prepare(Object(mysqli), '\\r\\n    SELECT \\r\\n...')\n#1 {main}\n  thrown","file":"C:\\xampp\\htdocs\\bengkelku_api\\booking\\list_customer.php","line":59}
[2026-01-17 06:01:56] booking/list_customer called {"user_id":4}
[2026-01-17 06:01:56] FATAL ERROR {"type":1,"message":"Uncaught mysqli_sql_exception: Unknown column 'b.nomot_antrian' in 'field list' in C:\\xampp\\htdocs\\bengkelku_api\\booking\\list_customer.php:59\nStack trace:\n#0 C:\\xampp\\htdocs\\bengkelku_api\\booking\\list_customer.php(59): mysqli_prepare(Object(mysqli), '\\r\\n    SELECT \\r\\n...')\n#1 {main}\n  thrown","file":"C:\\xampp\\htdocs\\bengkelku_api\\booking\\list_customer.php","line":59}
[2026-01-17 06:02:20] kendaraan/create called {"user_id":4,"merk":"yamaha","model":"nmax","nomor_plat":"AB 6926 XX","tahun":2025,"warna":null}
[2026-01-17 06:02:20] kendaraan created {"id":4}
[2026-01-17 06:02:23] booking/list_customer called {"user_id":4}
[2026-01-17 06:02:23] FATAL ERROR {"type":1,"message":"Uncaught mysqli_sql_exception: Unknown column 'b.nomot_antrian' in 'field list' in C:\\xampp\\htdocs\\bengkelku_api\\booking\\list_customer.php:59\nStack trace:\n#0 C:\\xampp\\htdocs\\bengkelku_api\\booking\\list_customer.php(59): mysqli_prepare(Object(mysqli), '\\r\\n    SELECT \\r\\n...')\n#1 {main}\n  thrown","file":"C:\\xampp\\htdocs\\bengkelku_api\\booking\\list_customer.php","line":59}
[2026-01-17 06:02:24] booking/list_customer called {"user_id":4}
[2026-01-17 06:02:24] FATAL ERROR {"type":1,"message":"Uncaught mysqli_sql_exception: Unknown column 'b.nomot_antrian' in 'field list' in C:\\xampp\\htdocs\\bengkelku_api\\booking\\list_customer.php:59\nStack trace:\n#0 C:\\xampp\\htdocs\\bengkelku_api\\booking\\list_customer.php(59): mysqli_prepare(Object(mysqli), '\\r\\n    SELECT \\r\\n...')\n#1 {main}\n  thrown","file":"C:\\xampp\\htdocs\\bengkelku_api\\booking\\list_customer.php","line":59}
[2026-01-17 06:02:26] booking/list_customer called {"user_id":4}
[2026-01-17 06:02:26] FATAL ERROR {"type":1,"message":"Uncaught mysqli_sql_exception: Unknown column 'b.nomot_antrian' in 'field list' in C:\\xampp\\htdocs\\bengkelku_api\\booking\\list_customer.php:59\nStack trace:\n#0 C:\\xampp\\htdocs\\bengkelku_api\\booking\\list_customer.php(59): mysqli_prepare(Object(mysqli), '\\r\\n    SELECT \\r\\n...')\n#1 {main}\n  thrown","file":"C:\\xampp\\htdocs\\bengkelku_api\\booking\\list_customer.php","line":59}
[2026-01-17 06:02:34] booking/create called {"user_id":4,"kendaraan_id":4,"jenis_servis_id":2,"slot_servis_id":1}
[2026-01-17 06:02:34] FATAL ERROR {"type":1,"message":"Uncaught mysqli_sql_exception: Unknown column 'nomot_antrian' in 'field list' in C:\\xampp\\htdocs\\bengkelku_api\\booking\\create.php:102\nStack trace:\n#0 C:\\xampp\\htdocs\\bengkelku_api\\booking\\create.php(102): mysqli_prepare(Object(mysqli), 'INSERT INTO boo...')\n#1 {main}\n  thrown","file":"C:\\xampp\\htdocs\\bengkelku_api\\booking\\create.php","line":102}
[2026-01-17 06:02:35] booking/create called {"user_id":4,"kendaraan_id":4,"jenis_servis_id":2,"slot_servis_id":1}
[2026-01-17 06:02:35] FATAL ERROR {"type":1,"message":"Uncaught mysqli_sql_exception: Unknown column 'nomot_antrian' in 'field list' in C:\\xampp\\htdocs\\bengkelku_api\\booking\\create.php:102\nStack trace:\n#0 C:\\xampp\\htdocs\\bengkelku_api\\booking\\create.php(102): mysqli_prepare(Object(mysqli), 'INSERT INTO boo...')\n#1 {main}\n  thrown","file":"C:\\xampp\\htdocs\\bengkelku_api\\booking\\create.php","line":102}
[2026-01-17 06:02:35] booking/create called {"user_id":4,"kendaraan_id":4,"jenis_servis_id":2,"slot_servis_id":1}
[2026-01-17 06:02:35] FATAL ERROR {"type":1,"message":"Uncaught mysqli_sql_exception: Unknown column 'nomot_antrian' in 'field list' in C:\\xampp\\htdocs\\bengkelku_api\\booking\\create.php:102\nStack trace:\n#0 C:\\xampp\\htdocs\\bengkelku_api\\booking\\create.php(102): mysqli_prepare(Object(mysqli), 'INSERT INTO boo...')\n#1 {main}\n  thrown","file":"C:\\xampp\\htdocs\\bengkelku_api\\booking\\create.php","line":102}
[2026-01-17 06:02:35] booking/create called {"user_id":4,"kendaraan_id":4,"jenis_servis_id":2,"slot_servis_id":1}
[2026-01-17 06:02:35] FATAL ERROR {"type":1,"message":"Uncaught mysqli_sql_exception: Unknown column 'nomot_antrian' in 'field list' in C:\\xampp\\htdocs\\bengkelku_api\\booking\\create.php:102\nStack trace:\n#0 C:\\xampp\\htdocs\\bengkelku_api\\booking\\create.php(102): mysqli_prepare(Object(mysqli), 'INSERT INTO boo...')\n#1 {main}\n  thrown","file":"C:\\xampp\\htdocs\\bengkelku_api\\booking\\create.php","line":102}
[2026-01-17 06:02:35] booking/create called {"user_id":4,"kendaraan_id":4,"jenis_servis_id":2,"slot_servis_id":1}
[2026-01-17 06:02:35] FATAL ERROR {"type":1,"message":"Uncaught mysqli_sql_exception: Unknown column 'nomot_antrian' in 'field list' in C:\\xampp\\htdocs\\bengkelku_api\\booking\\create.php:102\nStack trace:\n#0 C:\\xampp\\htdocs\\bengkelku_api\\booking\\create.php(102): mysqli_prepare(Object(mysqli), 'INSERT INTO boo...')\n#1 {main}\n  thrown","file":"C:\\xampp\\htdocs\\bengkelku_api\\booking\\create.php","line":102}
[2026-01-17 06:02:36] booking/create called {"user_id":4,"kendaraan_id":4,"jenis_servis_id":2,"slot_servis_id":1}
[2026-01-17 06:02:36] FATAL ERROR {"type":1,"message":"Uncaught mysqli_sql_exception: Unknown column 'nomot_antrian' in 'field list' in C:\\xampp\\htdocs\\bengkelku_api\\booking\\create.php:102\nStack trace:\n#0 C:\\xampp\\htdocs\\bengkelku_api\\booking\\create.php(102): mysqli_prepare(Object(mysqli), 'INSERT INTO boo...')\n#1 {main}\n  thrown","file":"C:\\xampp\\htdocs\\bengkelku_api\\booking\\create.php","line":102}
[2026-01-17 06:23:19] booking/list_admin called 
[2026-01-17 06:23:19] list_admin success {"count":0}
[2026-01-17 06:24:06] booking/list_admin called 
[2026-01-17 06:24:06] list_admin success {"count":0}
[2026-01-17 06:24:16] booking/list_customer called {"user_id":4}
[2026-01-17 06:24:16] list_customer success {"count":0}
[2026-01-17 06:24:17] booking/list_customer called {"user_id":4}
[2026-01-17 06:24:17] list_customer success {"count":0}
[2026-01-17 06:24:21] booking/list_customer called {"user_id":4}
[2026-01-17 06:24:21] list_customer success {"count":0}
[2026-01-17 06:24:23] booking/list_customer called {"user_id":4}
[2026-01-17 06:24:23] list_customer success {"count":0}
[2026-01-17 06:24:31] booking/create called {"user_id":4,"kendaraan_id":4,"jenis_servis_id":2,"slot_servis_id":1}
[2026-01-17 06:24:31] FATAL ERROR {"type":1,"message":"Uncaught mysqli_sql_exception: Unknown column 'kapasitas_terpakai' in 'field list' in C:\\xampp\\htdocs\\bengkelku_api\\booking\\create.php:86\nStack trace:\n#0 C:\\xampp\\htdocs\\bengkelku_api\\booking\\create.php(86): mysqli_stmt_execute(Object(mysqli_stmt))\n#1 {main}\n  thrown","file":"C:\\xampp\\htdocs\\bengkelku_api\\booking\\create.php","line":86}
[2026-01-17 06:24:32] booking/create called {"user_id":4,"kendaraan_id":4,"jenis_servis_id":2,"slot_servis_id":1}
[2026-01-17 06:24:32] FATAL ERROR {"type":1,"message":"Uncaught mysqli_sql_exception: Unknown column 'kapasitas_terpakai' in 'field list' in C:\\xampp\\htdocs\\bengkelku_api\\booking\\create.php:86\nStack trace:\n#0 C:\\xampp\\htdocs\\bengkelku_api\\booking\\create.php(86): mysqli_stmt_execute(Object(mysqli_stmt))\n#1 {main}\n  thrown","file":"C:\\xampp\\htdocs\\bengkelku_api\\booking\\create.php","line":86}
[2026-01-17 06:24:39] booking/list_customer called {"user_id":4}
[2026-01-17 06:24:39] list_customer success {"count":0}
[2026-01-17 06:35:14] booking/create called {"user_id":4,"kendaraan_id":4,"jenis_servis_id":2,"slot_servis_id":1}
[2026-01-17 06:35:14] FATAL ERROR {"type":1,"message":"Uncaught mysqli_sql_exception: Unknown column 'kapasitas_terpakai' in 'field list' in C:\\xampp\\htdocs\\bengkelku_api\\booking\\create.php:86\nStack trace:\n#0 C:\\xampp\\htdocs\\bengkelku_api\\booking\\create.php(86): mysqli_stmt_execute(Object(mysqli_stmt))\n#1 {main}\n  thrown","file":"C:\\xampp\\htdocs\\bengkelku_api\\booking\\create.php","line":86}
[2026-01-17 06:41:31] booking/list_admin called 
[2026-01-17 06:41:31] list_admin success {"count":0}
[2026-01-17 06:41:41] booking/list_customer called {"user_id":4}
[2026-01-17 06:41:41] list_customer success {"count":0}
[2026-01-17 06:41:42] booking/list_customer called {"user_id":4}
[2026-01-17 06:41:42] list_customer success {"count":0}
[2026-01-17 06:41:44] booking/list_customer called {"user_id":4}
[2026-01-17 06:41:44] list_customer success {"count":0}
[2026-01-17 06:41:45] booking/list_customer called {"user_id":4}
[2026-01-17 06:41:45] list_customer success {"count":0}
[2026-01-17 06:41:53] booking/create called {"user_id":4,"kendaraan_id":4,"jenis_servis_id":2,"slot_servis_id":1}
[2026-01-17 06:41:53] FATAL ERROR {"type":1,"message":"Uncaught mysqli_sql_exception: Unknown column 'kapasitas_terpakai' in 'field list' in C:\\xampp\\htdocs\\bengkelku_api\\booking\\create.php:86\nStack trace:\n#0 C:\\xampp\\htdocs\\bengkelku_api\\booking\\create.php(86): mysqli_stmt_execute(Object(mysqli_stmt))\n#1 {main}\n  thrown","file":"C:\\xampp\\htdocs\\bengkelku_api\\booking\\create.php","line":86}
[2026-01-17 06:41:54] booking/create called {"user_id":4,"kendaraan_id":4,"jenis_servis_id":2,"slot_servis_id":1}
[2026-01-17 06:41:54] FATAL ERROR {"type":1,"message":"Uncaught mysqli_sql_exception: Unknown column 'kapasitas_terpakai' in 'field list' in C:\\xampp\\htdocs\\bengkelku_api\\booking\\create.php:86\nStack trace:\n#0 C:\\xampp\\htdocs\\bengkelku_api\\booking\\create.php(86): mysqli_stmt_execute(Object(mysqli_stmt))\n#1 {main}\n  thrown","file":"C:\\xampp\\htdocs\\bengkelku_api\\booking\\create.php","line":86}
[2026-01-17 06:44:24] booking/list_customer called {"user_id":4}
[2026-01-17 06:44:24] list_customer success {"count":0}
[2026-01-17 06:44:34] booking/create called {"user_id":4,"kendaraan_id":4,"jenis_servis_id":2,"slot_servis_id":2}
[2026-01-17 06:44:34] FATAL ERROR {"type":1,"message":"Uncaught mysqli_sql_exception: Unknown column 'kapasitas_terpakai' in 'field list' in C:\\xampp\\htdocs\\bengkelku_api\\booking\\create.php:86\nStack trace:\n#0 C:\\xampp\\htdocs\\bengkelku_api\\booking\\create.php(86): mysqli_stmt_execute(Object(mysqli_stmt))\n#1 {main}\n  thrown","file":"C:\\xampp\\htdocs\\bengkelku_api\\booking\\create.php","line":86}
[2026-01-17 06:44:35] booking/create called {"user_id":4,"kendaraan_id":4,"jenis_servis_id":2,"slot_servis_id":2}
[2026-01-17 06:44:35] FATAL ERROR {"type":1,"message":"Uncaught mysqli_sql_exception: Unknown column 'kapasitas_terpakai' in 'field list' in C:\\xampp\\htdocs\\bengkelku_api\\booking\\create.php:86\nStack trace:\n#0 C:\\xampp\\htdocs\\bengkelku_api\\booking\\create.php(86): mysqli_stmt_execute(Object(mysqli_stmt))\n#1 {main}\n  thrown","file":"C:\\xampp\\htdocs\\bengkelku_api\\booking\\create.php","line":86}
